#
# There is insufficient memory for the Java Runtime Environment to continue.
# Native memory allocation (mmap) failed to map 264241152 bytes for G1 virtual space
# Possible reasons:
#   The system is out of physical RAM or swap space
#   The process is running with CompressedOops enabled, and the Java Heap may be blocking the growth of the native heap
# Possible solutions:
#   Reduce memory load on the system
#   Increase physical memory or swap space
#   Check if swap backing store is full
#   Decrease Java heap size (-Xmx/-Xms)
#   Decrease number of Java threads
#   Decrease Java thread stack sizes (-Xss)
#   Set larger code cache with -XX:ReservedCodeCacheSize=
#   JVM is running with Zero Based Compressed Oops mode in which the Java heap is
#     placed in the first 32GB address space. The Java Heap base address is the
#     maximum limit for the native heap growth. Please use -XX:HeapBaseMinAddress
#     to set the Java Heap base and to place the Java Heap above 32GB virtual address.
# This output file may be truncated or incomplete.
#
#  Out of Memory Error (os_windows.cpp:3600), pid=4372, tid=4084
#
# JRE version:  (21.0.5+9) (build )
# Java VM: Java HotSpot(TM) 64-Bit Server VM (21.0.5+9-LTS-239, mixed mode, sharing, tiered, compressed oops, compressed class ptrs, g1 gc, windows-amd64)
# No core dump will be written. Minidumps are not enabled by default on client versions of Windows
#

---------------  S U M M A R Y ------------

Command Line: -Dnet.bytebuddy.agent.attacher.dump= net.bytebuddy.agent.Attacher com.sun.tools.attach.VirtualMachine 2280 C:\Users\sem\.gradle\caches\modules-2\files-2.1\net.bytebuddy\byte-buddy-agent\1.15.11\a38b16385e867f59a641330f0362ebe742788ed8\byte-buddy-agent-1.15.11.jar false 

Host: Intel(R) Core(TM) i3-1005G1 CPU @ 1.20GHz, 4 cores, 15G,  Windows 10 , 64 bit Build 19041 (10.0.19041.5438)
Time: Wed Mar 19 17:15:18 2025 RTZ 2 (s 10 , 64 bit Build 19041 (10.0.19041.5438) elapsed time: 0.024178 seconds (0d 0h 0m 0s)

---------------  T H R E A D  ---------------

Current thread (0x000002129f22c3c0):  JavaThread "Unknown thread" [_thread_in_vm, id=4084, stack(0x000000291fc00000,0x000000291fd00000) (1024K)]

Stack: [0x000000291fc00000,0x000000291fd00000]
Native frames: (J=compiled Java code, j=interpreted, Vv=VM code, C=native code)
V  [jvm.dll+0x6ca289]
V  [jvm.dll+0x854a51]
V  [jvm.dll+0x856f7e]
V  [jvm.dll+0x857653]
V  [jvm.dll+0x27dd26]
V  [jvm.dll+0x6c6a25]
V  [jvm.dll+0x6bb5aa]
V  [jvm.dll+0x35359a]
V  [jvm.dll+0x35b1f6]
V  [jvm.dll+0x3adade]
V  [jvm.dll+0x3add88]
V  [jvm.dll+0x3278fc]
V  [jvm.dll+0x32845b]
V  [jvm.dll+0x81de19]
V  [jvm.dll+0x3ba7c1]
V  [jvm.dll+0x807168]
V  [jvm.dll+0x44f96e]
V  [jvm.dll+0x451561]
C  [jli.dll+0x52a3]
C  [ucrtbase.dll+0x21bb2]
C  [KERNEL32.DLL+0x17374]
C  [ntdll.dll+0x4cc91]


---------------  P R O C E S S  ---------------

Threads class SMR info:
_java_thread_list=0x00007ffbb7cfac08, length=0, elements={
}

Java Threads: ( => current thread )
Total: 0

Other Threads:
  0x00000212a14b04e0 WorkerThread "GC Thread#0"                     [id=616, stack(0x000000291fd00000,0x000000291fe00000) (1024K)]
  0x00000212a14c10b0 ConcurrentGCThread "G1 Main Marker"            [id=14268, stack(0x000000291fe00000,0x000000291ff00000) (1024K)]
  0x00000212a14c2250 WorkerThread "G1 Conc#0"                       [id=24724, stack(0x000000291ff00000,0x0000002920000000) (1024K)]

[error occurred during error reporting (printing all threads), id 0xc0000005, EXCEPTION_ACCESS_VIOLATION (0xc0000005) at pc=0x00007ffbb746a087]
VM state: not at safepoint (not fully initialized)

VM Mutex/Monitor currently owned by a thread:  ([mutex/lock_event])
[0x00007ffbb7d6bf98] Heap_lock - owner thread: 0x000002129f22c3c0

Heap address: 0x0000000704c00000, size: 4020 MB, Compressed Oops mode: Zero based, Oop shift amount: 3

CDS archive(s) mapped at: [0x0000000000000000-0x0000000000000000-0x0000000000000000), size 0, SharedBaseAddress: 0x0000000800000000, ArchiveRelocationMode: 1.
Narrow klass base: 0x0000000000000000, Narrow klass shift: 0, Narrow klass range: 0x0

GC Precious Log:
 CardTable entry size: 512
 Card Set container configuration: InlinePtr #cards 4 size 8 Array Of Cards #cards 16 size 48 Howl #buckets 8 coarsen threshold 3686 Howl Bitmap #cards 512 size 80 coarsen threshold 460 Card regions per heap region 1 cards per card region 4096

Heap:
 garbage-first heap   total 0K, used 0K [0x0000000704c00000, 0x0000000800000000)
  region size 2048K, 0 young (0K), 0 survivors (0K)

[error occurred during error reporting (printing heap information), id 0xc0000005, EXCEPTION_ACCESS_VIOLATION (0xc0000005) at pc=0x00007ffbb7853259]
GC Heap History (0 events):
No events

Dll operation events (1 events):
Event: 0.006 Loaded shared library D:\java21Oracle\bin\java.dll

Deoptimization events (0 events):
No events

Classes loaded (0 events):
No events

Classes unloaded (0 events):
No events

Classes redefined (0 events):
No events

Internal exceptions (0 events):
No events

ZGC Phase Switch (0 events):
No events

VM Operations (0 events):
No events

Events (0 events):
No events


Dynamic libraries:
0x00007ff673480000 - 0x00007ff673490000 	D:\java21Oracle\bin\java.exe
0x00007ffc33b70000 - 0x00007ffc33d68000 	C:\WINDOWS\SYSTEM32\ntdll.dll
0x00007ffc327c0000 - 0x00007ffc32882000 	C:\WINDOWS\System32\KERNEL32.DLL
0x00007ffc311e0000 - 0x00007ffc314df000 	C:\WINDOWS\System32\KERNELBASE.dll
0x00007ffc31580000 - 0x00007ffc31680000 	C:\WINDOWS\System32\ucrtbase.dll
0x00007ffc2a3d0000 - 0x00007ffc2a3eb000 	D:\java21Oracle\bin\VCRUNTIME140.dll
0x00007ffc0e040000 - 0x00007ffc0e059000 	D:\java21Oracle\bin\jli.dll
0x00007ffc31e90000 - 0x00007ffc31f3f000 	C:\WINDOWS\System32\ADVAPI32.dll
0x00007ffc32720000 - 0x00007ffc327be000 	C:\WINDOWS\System32\msvcrt.dll
0x00007ffc32a30000 - 0x00007ffc32acf000 	C:\WINDOWS\System32\sechost.dll
0x00007ffc33570000 - 0x00007ffc33693000 	C:\WINDOWS\System32\RPCRT4.dll
0x00007ffc31550000 - 0x00007ffc31577000 	C:\WINDOWS\System32\bcrypt.dll
0x00007ffc32890000 - 0x00007ffc32a2d000 	C:\WINDOWS\System32\USER32.dll
0x00007ffc318d0000 - 0x00007ffc318f2000 	C:\WINDOWS\System32\win32u.dll
0x00007ffc1c4d0000 - 0x00007ffc1c76a000 	C:\WINDOWS\WinSxS\amd64_microsoft.windows.common-controls_6595b64144ccf1df_6.0.19041.4355_none_60b8b9eb71f62e16\COMCTL32.dll
0x00007ffc337f0000 - 0x00007ffc3381b000 	C:\WINDOWS\System32\GDI32.dll
0x00007ffc31900000 - 0x00007ffc31a1a000 	C:\WINDOWS\System32\gdi32full.dll
0x00007ffc31830000 - 0x00007ffc318cd000 	C:\WINDOWS\System32\msvcp_win.dll
0x00007ffc2b4c0000 - 0x00007ffc2b4ca000 	C:\WINDOWS\SYSTEM32\VERSION.dll
0x00007ffc33930000 - 0x00007ffc3395f000 	C:\WINDOWS\System32\IMM32.DLL
0x00007ffc2a3c0000 - 0x00007ffc2a3cc000 	D:\java21Oracle\bin\vcruntime140_1.dll
0x00007ffc02740000 - 0x00007ffc027ce000 	D:\java21Oracle\bin\msvcp140.dll
0x00007ffbb7130000 - 0x00007ffbb7e48000 	D:\java21Oracle\bin\server\jvm.dll
0x00007ffc32f70000 - 0x00007ffc32fdb000 	C:\WINDOWS\System32\WS2_32.dll
0x00007ffc30b20000 - 0x00007ffc30b6b000 	C:\WINDOWS\SYSTEM32\POWRPROF.dll
0x00007ffc1c770000 - 0x00007ffc1c797000 	C:\WINDOWS\SYSTEM32\WINMM.dll
0x00007ffc30b00000 - 0x00007ffc30b12000 	C:\WINDOWS\SYSTEM32\UMPDC.dll
0x00007ffc2fb00000 - 0x00007ffc2fb12000 	C:\WINDOWS\SYSTEM32\kernel.appcore.dll
0x00007ffc2a2f0000 - 0x00007ffc2a2fa000 	D:\java21Oracle\bin\jimage.dll
0x00007ffc2ed50000 - 0x00007ffc2ef34000 	C:\WINDOWS\SYSTEM32\DBGHELP.DLL
0x00007ffc2aaf0000 - 0x00007ffc2ab24000 	C:\WINDOWS\SYSTEM32\dbgcore.DLL
0x00007ffc31a20000 - 0x00007ffc31aa2000 	C:\WINDOWS\System32\bcryptPrimitives.dll
0x00007ffc0e020000 - 0x00007ffc0e03f000 	D:\java21Oracle\bin\java.dll

dbghelp: loaded successfully - version: 4.0.5 - missing functions: none
symbol engine: initialized successfully - sym options: 0x614 - pdb path: .;D:\java21Oracle\bin;C:\WINDOWS\SYSTEM32;C:\WINDOWS\WinSxS\amd64_microsoft.windows.common-controls_6595b64144ccf1df_6.0.19041.4355_none_60b8b9eb71f62e16;D:\java21Oracle\bin\server

VM Arguments:
jvm_args: -Dnet.bytebuddy.agent.attacher.dump= 
java_command: net.bytebuddy.agent.Attacher com.sun.tools.attach.VirtualMachine 2280 C:\Users\sem\.gradle\caches\modules-2\files-2.1\net.bytebuddy\byte-buddy-agent\1.15.11\a38b16385e867f59a641330f0362ebe742788ed8\byte-buddy-agent-1.15.11.jar false 
java_class_path (initial): C:\Users\sem\.gradle\caches\modules-2\files-2.1\net.bytebuddy\byte-buddy-agent\1.15.11\a38b16385e867f59a641330f0362ebe742788ed8\byte-buddy-agent-1.15.11.jar
Launcher Type: SUN_STANDARD

[Global flags]
     intx CICompilerCount                          = 3                                         {product} {ergonomic}
     uint ConcGCThreads                            = 1                                         {product} {ergonomic}
     uint G1ConcRefinementThreads                  = 4                                         {product} {ergonomic}
   size_t G1HeapRegionSize                         = 2097152                                   {product} {ergonomic}
    uintx GCDrainStackTargetSize                   = 64                                        {product} {ergonomic}
   size_t InitialHeapSize                          = 264241152                                 {product} {ergonomic}
   size_t MarkStackSize                            = 4194304                                   {product} {ergonomic}
   size_t MaxHeapSize                              = 4215275520                                {product} {ergonomic}
   size_t MinHeapDeltaBytes                        = 2097152                                   {product} {ergonomic}
   size_t MinHeapSize                              = 8388608                                   {product} {ergonomic}
    uintx NonNMethodCodeHeapSize                   = 5832780                                {pd product} {ergonomic}
    uintx NonProfiledCodeHeapSize                  = 122912730                              {pd product} {ergonomic}
    uintx ProfiledCodeHeapSize                     = 122912730                              {pd product} {ergonomic}
    uintx ReservedCodeCacheSize                    = 251658240                              {pd product} {ergonomic}
     bool SegmentedCodeCache                       = true                                      {product} {ergonomic}
   size_t SoftMaxHeapSize                          = 4215275520                             {manageable} {ergonomic}
     bool UseCompressedOops                        = true                           {product lp64_product} {ergonomic}
     bool UseG1GC                                  = true                                      {product} {ergonomic}
     bool UseLargePagesIndividualAllocation        = false                                  {pd product} {ergonomic}

Logging:
Log output configuration:
 #0: stdout all=warning uptime,level,tags foldmultilines=false
 #1: stderr all=off uptime,level,tags foldmultilines=false

Environment Variables:
JAVA_HOME=D:\java21Oracle
CLASSPATH=C:\Users\sem\Desktop\YandexPracticum\MarketplaceShowcaseGit\\gradle\wrapper\gradle-wrapper.jar
PATH=C:\Program Files\Common Files\Oracle\Java\javapath;C:\Program Files (x86)\Razer Chroma SDK\bin;C:\Program Files\Razer Chroma SDK\bin;C:\Program Files (x86)\Razer\ChromaBroadcast\bin;C:\Program Files\Razer\ChromaBroadcast\bin;C:\Python311\Scripts\;C:\Python311\;C:\WINDOWS\system32;C:\WINDOWS;C:\WINDOWS\System32\Wbem;C:\WINDOWS\System32\WindowsPowerShell\v1.0\;C:\Program Files\PuTTY\;C:\Program Files\TortoiseSVN\bin;C:\Program Files\nodejs\;C:\ProgramData\chocolatey\bin;C:\Program Files\Git\cmd;C:\WINDOWS\system32\config\systemprofile\AppData\Local\Microsoft\WindowsApps;C:\Program Files (x86)\NetSarang\Xshell 7\;C:\Program Files (x86)\NetSarang\Xftp 7\;C:\Program Files\Docker\Docker\resources\bin;C:\Java\jdk8u412-b08\bin;D:\microsoft-jdk-21.0.5-windows-x64\jdk-21.0.5+11\bin;C:\Program Files\MySQL\MySQL Shell 8.0\bin\;C:\Users\sem\AppData\Local\Microsoft\WindowsApps;C:\Users\sem\AppData\Local\Programs\Microsoft VS Code\bin;C:\Users\sem\AppData\Roaming\npm;D:\maven\apache-maven-3.6.3\bin;C:\Java\jdk8u412-b08;
USERNAME=sem
OS=Windows_NT
PROCESSOR_IDENTIFIER=Intel64 Family 6 Model 126 Stepping 5, GenuineIntel
TMP=C:\Users\sem\AppData\Local\Temp
TEMP=C:\Users\sem\AppData\Local\Temp




Periodic native trim disabled

---------------  S Y S T E M  ---------------

OS:
 Windows 10 , 64 bit Build 19041 (10.0.19041.5438)
OS uptime: 6 days 21:34 hours
Hyper-V role detected

CPU: total 4 (initial active 4) (2 cores per cpu, 2 threads per core) family 6 model 126 stepping 5 microcode 0xb0, cx8, cmov, fxsr, ht, mmx, 3dnowpref, sse, sse2, sse3, ssse3, sse4.1, sse4.2, popcnt, lzcnt, tsc, tscinvbit, avx, avx2, aes, erms, clmul, bmi1, bmi2, adx, avx512f, avx512dq, avx512cd, avx512bw, avx512vl, sha, fma, vzeroupper, avx512_vpopcntdq, avx512_vpclmulqdq, avx512_vaes, avx512_vnni, clflush, clflushopt, avx512_vbmi2, avx512_vbmi, hv, rdtscp, rdpid, fsrm, gfni, avx512_bitalg, f16c, avx512_ifma
Processor Information for all 4 processors :
  Max Mhz: 1190, Current Mhz: 1190, Mhz Limit: 1190

Memory: 4k page, system-wide physical 16072M (813M free)
TotalPageFile size 22072M (AvailPageFile size 44M)
current process WorkingSet (physical memory assigned to process): 10M, peak: 10M
current process commit charge ("private bytes"): 52M, peak: 303M

vm_info: Java HotSpot(TM) 64-Bit Server VM (21.0.5+9-LTS-239) for windows-amd64 JRE (21.0.5+9-LTS-239), built on 2024-09-30T05:17:38Z by "mach5one" with MS VC++ 17.6 (VS2022)

END.
